<?xml version="1.0" encoding="UTF-8"?>
<!-- Generated by org.testng.reporters.JUnitReportReporter -->
<testsuite hostname="Pebbles" failures="0" tests="2" name="cucumbergoogle.RunnerFileForGmail" time="36.698" errors="0" timestamp="2024-03-06T13:24:28 EST" skipped="0">
  <testcase classname="cucumbergoogle.RunnerFileForGmail" name="runScenario" time="19.271"/>
  <system-out/>
  <testcase classname="cucumbergoogle.RunnerFileForGmail" name="runScenario" time="17.427"/>
  <system-out/>
</testsuite> <!-- cucumbergoogle.RunnerFileForGmail -->
